<?xml version="1.0" encoding="utf-8"?><testsuites name="pytest tests"><testsuite name="pytest" errors="0" failures="0" skipped="0" tests="42" time="19.893" timestamp="2026-07-19T18:34:27.470886+08:00" hostname="MUACWL1488"><testcase classname="tests.test_textual_tui" name="test_textual_mounts_stable_layout_and_command_suggestions" time="1.019" /><testcase classname="tests.test_textual_tui" name="test_textual_command_palette_wraps_selection_and_preserves_draft_on_escape" time="0.272" /><testcase classname="tests.test_textual_tui" name="test_textual_picker_search_and_focus_loss_keep_selection_safe" time="0.527" /><testcase classname="tests.test_textual_tui" name="test_textual_escape_backtracks_when_picker_has_lost_focus" time="0.297" /><testcase classname="tests.test_textual_tui" name="test_textual_shortcuts_toggle_thinking_and_cycle_reasoning_separately" time="0.323" /><testcase classname="tests.test_textual_tui" name="test_textual_general_settings_toggle_thinking" time="0.311" /><testcase classname="tests.test_textual_tui" name="test_textual_renders_tool_blocks_and_collapses_output" time="0.496" /><testcase classname="tests.test_textual_tui" name="test_textual_tool_call_has_semantic_path_and_parameter_styles" time="0.002" /><testcase classname="tests.test_textual_tui" name="test_textual_message_background_and_padding_fill_role_rows" time="0.148" /><testcase classname="tests.test_textual_tui" name="test_textual_restarts_with_a_separate_jsonl_store_and_restores_blocks" time="0.313" /><testcase classname="tests.test_textual_tui" name="test_textual_skills_command_lists_registered_skills" time="0.289" /><testcase classname="tests.test_textual_tui" name="test_textual_selected_command_preserves_typed_argument" time="0.145" /><testcase classname="tests.test_textual_tui" name="test_textual_number_selects_focused_choice_instead_of_prompt" time="0.295" /><testcase classname="tests.test_textual_tui" name="test_textual_changes_custom_provider_setting" time="0.888" /><testcase classname="tests.test_textual_tui" name="test_textual_adjusts_ui_and_provider_config_without_closing_lists" time="2.033" /><testcase classname="tests.test_textual_tui" name="test_textual_changes_provider_config_with_slash_commands" time="0.293" /><testcase classname="tests.test_textual_tui" name="test_textual_empty_transcript_uses_screen_background" time="0.111" /><testcase classname="tests.test_textual_tui" name="test_textual_right_click_copies_message_text" time="0.185" /><testcase classname="tests.test_textual_tui" name="test_textual_prompt_selection_is_visible_and_right_click_copies" time="0.109" /><testcase classname="tests.test_textual_tui" name="test_textual_selection_spans_messages_and_snaps_to_lines" time="0.151" /><testcase classname="tests.test_textual_tui" name="test_textual_renders_assistant_markdown" time="0.154" /><testcase classname="tests.test_textual_tui" name="test_textual_renders_response_immediately_after_user_message" time="0.114" /><testcase classname="tests.test_textual_tui" name="test_textual_user_background_fills_message_row" time="0.135" /><testcase classname="tests.test_textual_tui" name="test_textual_assistant_background_matches_transcript_at_narrow_width" time="0.084" /><testcase classname="tests.test_textual_tui" name="test_textual_render_lines_accepts_chat_message_segment_styles" time="0.128" /><testcase classname="tests.test_textual_tui" name="test_textual_clear_shows_new_session_success_message" time="0.248" /><testcase classname="tests.test_textual_tui" name="test_textual_user_blocks_have_configurable_spacing_and_left_inset" time="0.108" /><testcase classname="tests.test_textual_tui" name="test_textual_collapsed_tool_output_shows_tail_preview_and_hint" time="0.003" /><testcase classname="tests.test_textual_tui" name="test_textual_footer_has_cwd_and_split_context_provider_rows" time="0.055" /><testcase classname="tests.test_textual_tui" name="test_textual_header_color_and_bottom_anchor" time="0.093" /><testcase classname="tests.test_textual_tui" name="test_textual_typing_from_scroll_pane_returns_to_prompt" time="0.104" /><testcase classname="tests.test_textual_tui" name="test_textual_processing_status_runs_while_provider_is_busy" time="0.237" /><testcase classname="tests.test_textual_tui" name="test_textual_resumes_persistent_session" time="0.249" /><testcase classname="tests.test_textual_tui" name="test_textual_session_picker_opens_named_session_and_fork_records_parent" time="0.389" /><testcase classname="tests.test_textual_tui" name="test_textual_quit_displays_resume_command_for_durable_session" time="0.124" /><testcase classname="tests.test_textual_tui" name="test_textual_tool_settings_enable_registered_tool" time="0.593" /><testcase classname="tests.test_textual_tui" name="test_textual_escape_cancels_model_and_provider_selection" time="1.458" /><testcase classname="tests.test_textual_tui" name="test_textual_escape_backtracks_nested_settings_and_long_escape_closes" time="4.703" /><testcase classname="tests.test_textual_tui" name="test_textual_ctrl_c_confirms_before_exit_and_restores_draft" time="0.522" /><testcase classname="tests.test_textual_tui" name="test_textual_model_switch_updates_status_without_transcript_trace" time="0.197" /><testcase classname="tests.test_textual_tui" name="test_textual_reuses_active_saved_provider_and_logs_out_selected_profile" time="0.464" /><testcase classname="tests.test_textual_tui" name="test_textual_model_picker_aggregates_profiles_and_preserves_context" time="0.342" /></testsuite></testsuites>